================================
正在分析稀疏矩阵文件: ../../rootdata/mtx/poisson3Db/poisson3Db.mtx
矩阵信息: 85623 x 85623, nnz = 2374949, 对称性 = 0
算法参数: productNnzPerBlock = 512, WORK_BLOCKS = 4639
分析完成！统计信息已保存到: stat/poisson3Db.csv
总共分析了 4639 个tiles

===== 摘要统计 =====
平均行跨度: 19.42
平均最大行长度: 44.33
平均方差: 118.08



================================
正在分析稀疏矩阵文件: ../../rootdata/mtx/mouse_gene/mouse_gene.mtx
矩阵信息: 45101 x 45101, nnz = 28967291, 对称性 = 1
算法参数: productNnzPerBlock = 512, WORK_BLOCKS = 56577
分析完成！统计信息已保存到: stat/mouse_gene.csv
总共分析了 56577 个tiles

===== 摘要统计 =====
平均行跨度: 1.80
平均最大行长度: 447.45
平均方差: 8298.01

================================
正在分析稀疏矩阵文件: ../../rootdata/mtx/web-Google/web-Google.mtx
矩阵信息: 916428 x 916428, nnz = 5105039, 对称性 = 0
算法参数: productNnzPerBlock = 512, WORK_BLOCKS = 9971
分析完成！统计信息已保存到: stat/web-Google.csv
总共分析了 9971 个tiles

===== 摘要统计 =====
平均行跨度: 92.76
平均最大行长度: 31.80
平均方差: 44.80


================================
正在分析稀疏矩阵文件: ../../rootdata/mtx/web-Stanford/web-Stanford.mtx
矩阵信息: 281903 x 281903, nnz = 2312497, 对称性 = 0
算法参数: productNnzPerBlock = 512, WORK_BLOCKS = 4517
分析完成！统计信息已保存到: stat/web-Stanford.csv
总共分析了 4517 个tiles

===== 摘要统计 =====
平均行跨度: 63.29
平均最大行长度: 59.08
平均方差: 133.75

================================
正在分析稀疏矩阵文件: ../../rootdata/mtx/cnr-2000/cnr-2000.mtx
矩阵信息: 325557 x 325557, nnz = 3216152, 对称性 = 0
算法参数: productNnzPerBlock = 512, WORK_BLOCKS = 6282
分析完成！统计信息已保存到: stat/cnr-2000.csv
总共分析了 6282 个tiles

===== 摘要统计 =====
平均行跨度: 52.75
平均最大行长度: 55.41
平均方差: 368.86


================================
正在分析稀疏矩阵文件: ../../rootdata/mtx/cit-Patents/cit-Patents.mtx
矩阵信息: 3774768 x 3774768, nnz = 16518948, 对称性 = 0
算法参数: productNnzPerBlock = 512, WORK_BLOCKS = 32264
分析完成！统计信息已保存到: stat/cit-Patents.csv
总共分析了 32264 个tiles

===== 摘要统计 =====
平均行跨度: 66.59
平均最大行长度: 44.06
平均方差: 118.56

================================
正在分析稀疏矩阵文件: ../../rootdata/mtx/Freescale1/Freescale1.mtx
矩阵信息: 3428755 x 3428755, nnz = 18920347, 对称性 = 0
算法参数: productNnzPerBlock = 512, WORK_BLOCKS = 36954
分析完成！统计信息已保存到: stat/Freescale1.csv
总共分析了 36954 个tiles

===== 摘要统计 =====
平均行跨度: 93.60
平均最大行长度: 6.70
平均方差: 0.60

================================
正在分析稀疏矩阵文件: ../../rootdata/mtx/circuit5M/circuit5M.mtx
矩阵信息: 5558326 x 5558326, nnz = 59524291, 对称性 = 0
算法参数: productNnzPerBlock = 512, WORK_BLOCKS = 116259
分析完成！统计信息已保存到: stat/circuit5M.csv
总共分析了 116259 个tiles

===== 摘要统计 =====
平均行跨度: 48.72
平均最大行长度: 172.76
平均方差: 1698.84

================================
正在分析稀疏矩阵文件: ../../rootdata/mtx/uk-2002/uk-2002.mtx
矩阵信息: 18520486 x 18520486, nnz = 298113762, 对称性 = 0
算法参数: productNnzPerBlock = 512, WORK_BLOCKS = 582254
分析完成！统计信息已保存到: stat/uk-2002.csv
总共分析了 582254 个tiles

===== 摘要统计 =====
平均行跨度: 32.75
平均最大行长度: 67.30
平均方差: 751.13


================================
正在分析稀疏矩阵文件: ../../rootdata/mtx/soc-LiveJournal1/soc-LiveJournal1.mtx
矩阵信息: 4847571 x 4847571, nnz = 68993773, 对称性 = 0
算法参数: productNnzPerBlock = 512, WORK_BLOCKS = 134754
分析完成！统计信息已保存到: stat/soc-LiveJournal1.csv
总共分析了 134754 个tiles

===== 摘要统计 =====
平均行跨度: 36.91
平均最大行长度: 115.74
平均方差: 2092.60

================================
正在分析稀疏矩阵文件: ../../rootdata/mtx/audikw_1/audikw_1.mtx
矩阵信息: 943695 x 943695, nnz = 77651847, 对称性 = 1
算法参数: productNnzPerBlock = 512, WORK_BLOCKS = 151664
分析完成！统计信息已保存到: stat/audikw_1.csv
总共分析了 151664 个tiles

===== 摘要统计 =====
平均行跨度: 7.21
平均最大行长度: 112.06
平均方差: 1273.24
