===../../../rootdata/mtx/poisson3Db/poisson3Db.mtx===

INIT DONE
our_perf:  0.0524 ms, our_pre:  0.9585 ms
cusparse_perf:  0.0609 ms, cusparse_pre:  0.2755 ms
Success! All values match within the tolerance for 85623 elements.

===../../../rootdata/mtx/mouse_gene/mouse_gene.mtx===

INIT DONE
our_perf:  0.5755 ms, our_pre:  1.0660 ms
cusparse_perf:  0.5850 ms, cusparse_pre:  0.3085 ms
Success! All values match within the tolerance for 45101 elements.

===../../../rootdata/mtx/web-Google/web-Google.mtx===

INIT DONE
our_perf:  0.1489 ms, our_pre:  0.8656 ms
cusparse_perf:  0.1382 ms, cusparse_pre:  0.6300 ms
Success! All values match within the tolerance for 916428 elements.

===../../../rootdata/mtx/web-Stanford/web-Stanford.mtx===

INIT DONE
our_perf:  0.0715 ms, our_pre:  0.9288 ms
cusparse_perf:  0.0638 ms, cusparse_pre:  0.2794 ms
Success! All values match within the tolerance for 281903 elements.

===../../../rootdata/mtx/cnr-2000/cnr-2000.mtx===

INIT DONE
our_perf:  0.0647 ms, our_pre:  0.6339 ms
cusparse_perf:  0.0741 ms, cusparse_pre:  0.2314 ms
Success! All values match within the tolerance for 325557 elements.

===../../../rootdata/mtx/cit-Patents/cit-Patents.mtx===

INIT DONE
our_perf:  0.5862 ms, our_pre:  0.6359 ms
cusparse_perf:  0.6209 ms, cusparse_pre:  0.9591 ms
Success! All values match within the tolerance for 3774768 elements.

===../../../rootdata/mtx/Freescale1/Freescale1.mtx===

INIT DONE
our_perf:  0.5645 ms, our_pre:  0.6472 ms
cusparse_perf:  0.5316 ms, cusparse_pre:  0.6473 ms
Success! All values match within the tolerance for 3428755 elements.

===../../../rootdata/mtx/circuit5M/circuit5M.mtx===

INIT DONE
our_perf:  1.5529 ms, our_pre:  0.4936 ms
cusparse_perf:  1.5318 ms, cusparse_pre:  1.1416 ms
Success! All values match within the tolerance for 5558326 elements.

===../../../rootdata/mtx/uk-2002/uk-2002.mtx===

INIT DONE
our_perf:  6.6510 ms, our_pre:  0.8079 ms
cusparse_perf:  6.9056 ms, cusparse_pre:  0.6601 ms
Success! All values match within the tolerance for 18520486 elements.

===../../../rootdata/mtx/soc-LiveJournal1/soc-LiveJournal1.mtx===

INIT DONE
our_perf:  2.2247 ms, our_pre:  0.4198 ms
cusparse_perf:  1.7883 ms, cusparse_pre:  1.2812 ms
Success! All values match within the tolerance for 4847571 elements.

===../../../rootdata/mtx/nlpkkt240/nlpkkt240.mtx===

INIT DONE
our_perf: 16.2586 ms, our_pre:  0.9052 ms
cusparse_perf: 16.9517 ms, cusparse_pre:  1.3080 ms
Success! All values match within the tolerance for 27993600 elements.

===../../../rootdata/mtx/audikw_1/audikw_1.mtx===

INIT DONE
our_perf:  1.5501 ms, our_pre:  0.3850 ms
cusparse_perf:  1.4834 ms, cusparse_pre:  1.0762 ms
Success! All values match within the tolerance for 943695 elements.